<?xml version="1.0" encoding="UTF-8"?>
<testsuite xmlns:xsi="http://www.w3.org/2001/XMLSchema-instance" xsi:noNamespaceSchemaLocation="https://maven.apache.org/surefire/maven-surefire-plugin/xsd/surefire-test-report.xsd" name="org.mm.assess.AppTest" time="0.386" tests="1" errors="0" skipped="0" failures="0">
  <properties>
    <property name="sun.desktop" value="windows"/>
    <property name="awt.toolkit" value="sun.awt.windows.WToolkit"/>
    <property name="java.specification.version" value="11"/>
    <property name="sun.cpu.isalist" value="amd64"/>
    <property name="sun.jnu.encoding" value="Cp1252"/>
    <property name="java.class.path" value="D:\MapleMonk\ParkingLotApp\parkingLot\target\test-classes;D:\MapleMonk\ParkingLotApp\parkingLot\target\classes;D:\apache-maven\maven_repo\junit\junit\4.11\junit-4.11.jar;D:\apache-maven\maven_repo\org\hamcrest\hamcrest-core\1.3\hamcrest-core-1.3.jar;D:\apache-maven\maven_repo\org\mockito\mockito-all\1.9.5\mockito-all-1.9.5.jar;"/>
    <property name="java.vm.vendor" value="Oracle Corporation"/>
    <property name="sun.arch.data.model" value="64"/>
    <property name="user.variant" value=""/>
    <property name="java.vendor.url" value="http://java.oracle.com/"/>
    <property name="user.timezone" value="Asia/Calcutta"/>
    <property name="java.vm.specification.version" value="11"/>
    <property name="os.name" value="Windows 10"/>
    <property name="sun.java.launcher" value="SUN_STANDARD"/>
    <property name="user.country" value="US"/>
    <property name="sun.boot.library.path" value="C:\Program Files\Java\bin"/>
    <property name="sun.java.command" value="C:\Users\saravana.j\AppData\Local\Temp\surefire5198135352152677917\surefirebooter8679166885837542338.jar C:\Users\saravana.j\AppData\Local\Temp\surefire5198135352152677917 2021-04-23T22-19-12_885-jvmRun1 surefire3642301879123054031tmp surefire_07414204123074046366tmp"/>
    <property name="jdk.debug" value="release"/>
    <property name="surefire.test.class.path" value="D:\MapleMonk\ParkingLotApp\parkingLot\target\test-classes;D:\MapleMonk\ParkingLotApp\parkingLot\target\classes;D:\apache-maven\maven_repo\junit\junit\4.11\junit-4.11.jar;D:\apache-maven\maven_repo\org\hamcrest\hamcrest-core\1.3\hamcrest-core-1.3.jar;D:\apache-maven\maven_repo\org\mockito\mockito-all\1.9.5\mockito-all-1.9.5.jar;"/>
    <property name="sun.cpu.endian" value="little"/>
    <property name="user.home" value="C:\Users\saravana.j"/>
    <property name="user.language" value="en"/>
    <property name="java.specification.vendor" value="Oracle Corporation"/>
    <property name="java.version.date" value="2018-10-16"/>
    <property name="java.home" value="C:\Program Files\Java"/>
    <property name="file.separator" value="\"/>
    <property name="basedir" value="D:\MapleMonk\ParkingLotApp\parkingLot"/>
    <property name="java.vm.compressedOopsMode" value="Zero based"/>
    <property name="line.separator" value="&#10;"/>
    <property name="java.specification.name" value="Java Platform API Specification"/>
    <property name="java.vm.specification.vendor" value="Oracle Corporation"/>
    <property name="java.awt.graphicsenv" value="sun.awt.Win32GraphicsEnvironment"/>
    <property name="surefire.real.class.path" value="C:\Users\saravana.j\AppData\Local\Temp\surefire5198135352152677917\surefirebooter8679166885837542338.jar"/>
    <property name="user.script" value=""/>
    <property name="sun.management.compiler" value="HotSpot 64-Bit Tiered Compilers"/>
    <property name="java.runtime.version" value="11.0.1+13"/>
    <property name="user.name" value="saravana.j"/>
    <property name="path.separator" value=";"/>
    <property name="os.version" value="10.0"/>
    <property name="java.runtime.name" value="OpenJDK Runtime Environment"/>
    <property name="file.encoding" value="Cp1252"/>
    <property name="java.vm.name" value="OpenJDK 64-Bit Server VM"/>
    <property name="java.vendor.version" value="18.9"/>
    <property name="localRepository" value="D:\apache-maven\maven_repo"/>
    <property name="java.vendor.url.bug" value="http://bugreport.java.com/bugreport/"/>
    <property name="java.io.tmpdir" value="C:\Users\saravana.j\AppData\Local\Temp\"/>
    <property name="java.version" value="11.0.1"/>
    <property name="user.dir" value="D:\MapleMonk\ParkingLotApp\parkingLot"/>
    <property name="os.arch" value="amd64"/>
    <property name="java.vm.specification.name" value="Java Virtual Machine Specification"/>
    <property name="java.awt.printerjob" value="sun.awt.windows.WPrinterJob"/>
    <property name="sun.os.patch.level" value=""/>
    <property name="java.library.path" value="C:\Program Files\Java\bin;C:\windows\Sun\Java\bin;C:\windows\system32;C:\windows;C:\Users\saravana.j\AppData\Local\Programs\Git\mingw64\bin;C:\Users\saravana.j\AppData\Local\Programs\Git\usr\bin;C:\Users\saravana.j\bin;C:\Program Files\Zulu\zulu-11\bin;C:\Program Files\AdoptOpenJDK\jdk-13.0.2.8-openj9\bin;C:\windows\system32;C:\windows;C:\windows\System32\Wbem;C:\windows\System32\WindowsPowerShell\v1.0;C:\windows\System32\OpenSSH;C:\Program Files\Zulu\zulu-11-jre\bin;C:\Program Files\Microsoft VS Code\bin;C:\Program Files\TortoiseSVN\bin;C:\Program Files\AdoptOpenJDK\jdk-14.0.1.7-openj9\bin;C:\Program Files\AdoptOpenJDK\jre-14.0.1.7-openj9\bin;C:\Program Files\nodejs;C:\Users\saravana.j\Anaconda3;C:\Users\saravana.j\Anaconda3\Library\mingw-w64\bin;C:\Users\saravana.j\Anaconda3\Library\usr\bin;C:\Users\saravana.j\Anaconda3\Library\bin;C:\Users\saravana.j\Anaconda3\Scripts;C:\Users\saravana.j\AppData\Local\Microsoft\WindowsApps;C:\Program Files\nodejs;C:\Users\saravana.j\AppData\Local\GitHubDesktop\bin;C:\Users\saravana.j\AppData\Local\Programs\Git\cmd;D:\apache-maven-3.6.2\bin;C:\Program Files\AdoptOpenJDK\jdk-13.0.2.8-openj9\bin\java.exe;."/>
    <property name="java.vendor" value="Oracle Corporation"/>
    <property name="java.vm.info" value="mixed mode"/>
    <property name="java.vm.version" value="11.0.1+13"/>
    <property name="sun.io.unicode.encoding" value="UnicodeLittle"/>
    <property name="java.class.version" value="55.0"/>
  </properties>
  <testcase name="testMainWthFileIp" classname="org.mm.assess.AppTest" time="0.199"/>
</testsuite>